======================================================================
  ETF 持股監控  |  2026/03/10 14:58
======================================================================

【復華未來50 (00991A)】
  資料來源: https://www.fhtrust.com.tw/ETF/etf_detail/ETF23#stockhold
  正在載入: https://www.fhtrust.com.tw/ETF/etf_detail/ETF23#stockhold

  ── 前10大持股 (2026-03-10) ──
   排名      代號  名稱                        股數                  金額        權重
  ----------------------------------------------------------------------
    1.   2330  台灣積體                 2730000          4941300000   20.013%
    2.   8299  群聯電子                 1250000          2006250000    8.126%
    3.   2383  台光電子                  800000          1740000000    7.047%
    4.   2408  南亞科技                 8000000          1680000000    6.804%
    5.   2308  台達電子                 1100000          1342000000    5.435%
    6.   3037  欣興電子                 3200000          1244800000    5.042%
    7.   7769  鴻勁精密                  315000          1237950000    5.014%
    8.   5274  信驊科技                  100000           925000000    3.746%
    9.   2345  智邦科技                  550000           759000000    3.074%
   10.   6223  旺矽科技                  275000           748000000    3.030%

  ✓ 資料已儲存: fhtrust_00991A_2026-03-10.json

  (首次執行，無前期資料可比較)

【統一台股增長 (00981A)】
  資料來源: https://www.ezmoney.com.tw/ETF/Fund/Info?fundCode=49YTW
  正在載入: https://www.ezmoney.com.tw/ETF/Fund/Info?fundCode=49YTW

  ── 前10大持股 (2026-03-10) ──
   排名      代號  名稱                        股數        權重
  -------------------------------------------------------
    1.   2330  台積電                  3788000     9.21%
    2.   2383  台光電                  2257000     6.59%
    3.   2308  台達電                  3626000     5.94%
    4.   3017  奇鋐                   2552000     5.71%
    5.   2345  智邦                   2770000     5.13%
    6.   3653  健策                   1197000     5.11%
    7.   3665  貿聯-KY                2223848     4.76%
    8.   6223  旺矽                   1234000     4.51%
    9.   2368  金像電                  4262000     4.36%
   10.   6669  緯穎                    797000     4.21%

  ✓ 資料已儲存: ezmoney_49YTW_2026-03-10.json

  (首次執行，無前期資料可比較)

======================================================================
  完成  |  資料儲存於: C:\Users\yuanweiyu\etf-monitor\data
======================================================================
======================================================================
  ETF 持股監控  |  2026/03/11 09:00
======================================================================

【復華未來50 (00991A)】
  資料來源: https://www.fhtrust.com.tw/ETF/etf_detail/ETF23#stockhold
  正在載入: https://www.fhtrust.com.tw/ETF/etf_detail/ETF23#stockhold

  ── 前10大持股 (2026-03-11) ──
   排名      代號  名稱                        股數                  金額        權重
  ----------------------------------------------------------------------
    1.   2330  台灣積體                 2730000          5050500000   19.495%
    2.   8299  群聯電子                 1250000          2181250000    8.420%
    3.   2383  台光電子                  800000          1900000000    7.334%
    4.   2408  南亞科技                 8000000          1848000000    7.133%
    5.   2308  台達電子                 1100000          1419000000    5.477%
    6.   3037  欣興電子                 3200000          1356800000    5.237%
    7.   7769  鴻勁精密                  315000          1293075000    4.991%
    8.   5274  信驊科技                  100000           943000000    3.640%
    9.   6223  旺矽科技                  275000           822250000    3.174%
   10.   2345  智邦科技                  550000           789250000    3.047%

  ✓ 資料已儲存: fhtrust_00991A_2026-03-11.json

  ── 差異比較 ──
  ⚠ 與 2026-03-10 相比，發現以下變動：

  【排名/權重變動】
    2330 台灣積體         排名: #1 → #1 (→)  20.013% → 19.495%
    8299 群聯電子         排名: #2 → #2 (→)  8.126% → 8.420%
    2383 台光電子         排名: #3 → #3 (→)  7.047% → 7.334%
    2408 南亞科技         排名: #4 → #4 (→)  6.804% → 7.133%
    2308 台達電子         排名: #5 → #5 (→)  5.435% → 5.477%
    3037 欣興電子         排名: #6 → #6 (→)  5.042% → 5.237%
    7769 鴻勁精密         排名: #7 → #7 (→)  5.014% → 4.991%
    5274 信驊科技         排名: #8 → #8 (→)  3.746% → 3.640%
    6223 旺矽科技         排名: #10 → #9 (↑1)  3.030% → 3.174%
    2345 智邦科技         排名: #9 → #10 (↓1)  3.074% → 3.047%

【統一台股增長 (00981A)】
  資料來源: https://www.ezmoney.com.tw/ETF/Fund/Info?fundCode=49YTW
  正在載入: https://www.ezmoney.com.tw/ETF/Fund/Info?fundCode=49YTW

  ── 前10大持股 (2026-03-11) ──
   排名      代號  名稱                        股數        權重
  -------------------------------------------------------
    1.   2330  台積電                  3895000     9.31%
    2.   2383  台光電                  2412000      7.4%
    3.   2308  台達電                  4180000     6.97%
    4.   3653  健策                   1247000     5.63%
    5.   3017  奇鋐                   2552000     5.59%
    6.   2368  金像電                  5150000     5.44%
    7.   2345  智邦                   2892000     5.36%
    8.   6223  旺矽                   1346000      5.2%
    9.   3665  貿聯-KY                2223848      4.5%
   10.   6669  緯穎                    797000     4.08%

  ✓ 資料已儲存: ezmoney_49YTW_2026-03-11.json

  ── 差異比較 ──
  ⚠ 與 2026-03-10 相比，發現以下變動：

  【排名/權重變動】
    2330 台積電          排名: #1 → #1 (→)  9.21% → 9.31%
    2383 台光電          排名: #2 → #2 (→)  6.59% → 7.4%
    2308 台達電          排名: #3 → #3 (→)  5.94% → 6.97%
    3653 健策           排名: #6 → #4 (↑2)  5.11% → 5.63%
    3017 奇鋐           排名: #4 → #5 (↓1)  5.71% → 5.59%
    2368 金像電          排名: #9 → #6 (↑3)  4.36% → 5.44%
    2345 智邦           排名: #5 → #7 (↓2)  5.13% → 5.36%
    6223 旺矽           排名: #8 → #8 (→)  4.51% → 5.2%
    3665 貿聯-KY        排名: #7 → #9 (↓2)  4.76% → 4.5%
    6669 緯穎           排名: #10 → #10 (→)  4.21% → 4.08%

======================================================================
  完成  |  資料儲存於: C:\Users\yuanweiyu\etf-monitor\data
======================================================================
======================================================================
  ETF 持股監控  |  2026/03/12 09:00
======================================================================

【復華未來50 (00991A)】
  資料來源: https://www.fhtrust.com.tw/ETF/etf_detail/ETF23#stockhold
  正在載入: https://www.fhtrust.com.tw/ETF/etf_detail/ETF23#stockhold

  ── 前10大持股 (2026-03-12) ──
   排名      代號  名稱                        股數                  金額        權重
  ----------------------------------------------------------------------
    1.   2330  台灣積體                 2730000          5296200000   19.251%
    2.   8299  群聯電子                 1250000          2362500000    8.587%
    3.   2408  南亞科技                 8000000          2032000000    7.386%
    4.   2383  台光電子                  800000          1960000000    7.124%
    5.   2308  台達電子                 1100000          1540000000    5.598%
    6.   3037  欣興電子                 3200000          1491200000    5.420%
    7.   7769  鴻勁精密                  315000          1362375000    4.952%
    8.   5274  信驊科技                   90000           904950000    3.289%
    9.   6223  旺矽科技                  275000           903375000    3.284%
   10.   2345  智邦科技                  550000           816750000    2.969%

  ✓ 資料已儲存: fhtrust_00991A_2026-03-12.json

  ── 差異比較 ──
  ⚠ 與 2026-03-11 相比，發現以下變動：

  【排名/權重變動】
    2330 台灣積體         排名: #1 → #1 (→)  19.495% → 19.251%
    8299 群聯電子         排名: #2 → #2 (→)  8.420% → 8.587%
    2408 南亞科技         排名: #4 → #3 (↑1)  7.133% → 7.386%
    2383 台光電子         排名: #3 → #4 (↓1)  7.334% → 7.124%
    2308 台達電子         排名: #5 → #5 (→)  5.477% → 5.598%
    3037 欣興電子         排名: #6 → #6 (→)  5.237% → 5.420%
    7769 鴻勁精密         排名: #7 → #7 (→)  4.991% → 4.952%
    5274 信驊科技         排名: #8 → #8 (→)  3.640% → 3.289%
    6223 旺矽科技         排名: #9 → #9 (→)  3.174% → 3.284%
    2345 智邦科技         排名: #10 → #10 (→)  3.047% → 2.969%

【統一台股增長 (00981A)】
  資料來源: https://www.ezmoney.com.tw/ETF/Fund/Info?fundCode=49YTW
  正在載入: https://www.ezmoney.com.tw/ETF/Fund/Info?fundCode=49YTW

  ── 前10大持股 (2026-03-12) ──
   排名      代號  名稱                        股數        權重
  -------------------------------------------------------
    1.   2330  台積電                  3895000     9.28%
    2.   2308  台達電                  4289000     7.38%
    3.   2383  台光電                  2412000     7.26%
    4.   2368  金像電                  5580000     6.16%
    5.   3017  奇鋐                   2552000     5.83%
    6.   6223  旺矽                   1346000     5.43%
    7.   3653  健策                   1247000     5.34%
    8.   2345  智邦                   2892000     5.28%
    9.   3665  貿聯-KY                2223848     4.52%
   10.   6669  緯穎                    797000      4.1%

  ✓ 資料已儲存: ezmoney_49YTW_2026-03-12.json

  ── 差異比較 ──
  ⚠ 與 2026-03-11 相比，發現以下變動：

  【排名/權重變動】
    2330 台積電          排名: #1 → #1 (→)  9.31% → 9.28%
    2308 台達電          排名: #3 → #2 (↑1)  6.97% → 7.38%
    2383 台光電          排名: #2 → #3 (↓1)  7.4% → 7.26%
    2368 金像電          排名: #6 → #4 (↑2)  5.44% → 6.16%
    3017 奇鋐           排名: #5 → #5 (→)  5.59% → 5.83%
    6223 旺矽           排名: #8 → #6 (↑2)  5.2% → 5.43%
    3653 健策           排名: #4 → #7 (↓3)  5.63% → 5.34%
    2345 智邦           排名: #7 → #8 (↓1)  5.36% → 5.28%
    3665 貿聯-KY        排名: #9 → #9 (→)  4.5% → 4.52%
    6669 緯穎           排名: #10 → #10 (→)  4.08% → 4.1%

======================================================================
  完成  |  資料儲存於: C:\Users\yuanweiyu\etf-monitor\data
======================================================================
======================================================================
  ETF 持股監控  |  2026/03/13 09:00
======================================================================

【復華未來50 (00991A)】
  資料來源: https://www.fhtrust.com.tw/ETF/etf_detail/ETF23#stockhold
  正在載入: https://www.fhtrust.com.tw/ETF/etf_detail/ETF23#stockhold

  ── 前10大持股 (2026-03-13) ──
   排名      代號  名稱                        股數                  金額        權重
  ----------------------------------------------------------------------
    1.   2330  台灣積體                 2730000          5146050000   18.908%
    2.   8299  群聯電子                 1250000          2262500000    8.313%
    3.   2383  台光電子                  800000          2080000000    7.642%
    4.   2408  南亞科技                 8000000          1916000000    7.040%
    5.   3037  欣興電子                 3200000          1536000000    5.644%
    6.   2308  台達電子                 1100000          1507000000    5.537%
    7.   7769  鴻勁精密                  315000          1362375000    5.006%
    8.   6223  旺矽科技                  275000           992750000    3.648%
    9.   5274  信驊科技                   90000           944550000    3.470%
   10.   2345  智邦科技                  550000           827750000    3.041%

  ✓ 資料已儲存: fhtrust_00991A_2026-03-13.json

  ── 差異比較 ──
  ⚠ 與 2026-03-12 相比，發現以下變動：

  【排名/權重變動】
    2330 台灣積體         排名: #1 → #1 (→)  19.251% → 18.908%
    8299 群聯電子         排名: #2 → #2 (→)  8.587% → 8.313%
    2383 台光電子         排名: #4 → #3 (↑1)  7.124% → 7.642%
    2408 南亞科技         排名: #3 → #4 (↓1)  7.386% → 7.040%
    3037 欣興電子         排名: #6 → #5 (↑1)  5.420% → 5.644%
    2308 台達電子         排名: #5 → #6 (↓1)  5.598% → 5.537%
    7769 鴻勁精密         排名: #7 → #7 (→)  4.952% → 5.006%
    6223 旺矽科技         排名: #9 → #8 (↑1)  3.284% → 3.648%
    5274 信驊科技         排名: #8 → #9 (↓1)  3.289% → 3.470%
    2345 智邦科技         排名: #10 → #10 (→)  2.969% → 3.041%

【統一台股增長 (00981A)】
  資料來源: https://www.ezmoney.com.tw/ETF/Fund/Info?fundCode=49YTW
  正在載入: https://www.ezmoney.com.tw/ETF/Fund/Info?fundCode=49YTW

  ── 前10大持股 (2026-03-13) ──
   排名      代號  名稱                        股數        權重
  -------------------------------------------------------
    1.   2330  台積電                  3895000        9%
    2.   2383  台光電                  2412000     7.69%
    3.   2308  台達電                  4289000     7.21%
    4.   2368  金像電                  5580000     6.23%
    5.   6223  旺矽                   1346000     5.96%
    6.   3017  奇鋐                   2552000     5.87%
    7.   2345  智邦                   2892000     5.34%
    8.   3653  健策                   1247000     5.26%
    9.   3665  貿聯-KY                2223848     4.46%
   10.   3037  欣興                   5952000      3.5%

  ✓ 資料已儲存: ezmoney_49YTW_2026-03-13.json

  ── 差異比較 ──
  ⚠ 與 2026-03-12 相比，發現以下變動：

  【新進入前10大】
    + 3037 欣興  (排名: #10, 權重: 3.5%)

  【退出前10大】
    - 6669 緯穎  (原排名: #10, 原權重: 4.1%)

  【排名/權重變動】
    2330 台積電          排名: #1 → #1 (→)  9.28% → 9%
    2383 台光電          排名: #3 → #2 (↑1)  7.26% → 7.69%
    2308 台達電          排名: #2 → #3 (↓1)  7.38% → 7.21%
    2368 金像電          排名: #4 → #4 (→)  6.16% → 6.23%
    6223 旺矽           排名: #6 → #5 (↑1)  5.43% → 5.96%
    3017 奇鋐           排名: #5 → #6 (↓1)  5.83% → 5.87%
    2345 智邦           排名: #8 → #7 (↑1)  5.28% → 5.34%
    3653 健策           排名: #7 → #8 (↓1)  5.34% → 5.26%
    3665 貿聯-KY        排名: #9 → #9 (→)  4.52% → 4.46%

======================================================================
  完成  |  資料儲存於: C:\Users\yuanweiyu\etf-monitor\data
======================================================================
Traceback (most recent call last):
  File "C:\Users\yuanweiyu\etf-monitor\etf_monitor.py", line 337, in main
    holdings = await scrape_ezmoney(page)
               ^^^^^^^^^^^^^^^^^^^^^^^^^^
  File "C:\Users\yuanweiyu\etf-monitor\etf_monitor.py", line 121, in scrape_ezmoney
    await page.goto(url, wait_until="networkidle", timeout=60000)
  File "C:\Users\yuanweiyu\AppData\Local\Programs\Python\Python312\Lib\site-packages\playwright\async_api\_generated.py", line 9045, in goto
    await self._impl_obj.goto(
  File "C:\Users\yuanweiyu\AppData\Local\Programs\Python\Python312\Lib\site-packages\playwright\_impl\_page.py", line 552, in goto
    return await self._main_frame.goto(**locals_to_params(locals()))
           ^^^^^^^^^^^^^^^^^^^^^^^^^^^^^^^^^^^^^^^^^^^^^^^^^^^^^^^^^
  File "C:\Users\yuanweiyu\AppData\Local\Programs\Python\Python312\Lib\site-packages\playwright\_impl\_frame.py", line 153, in goto
    await self._channel.send(
  File "C:\Users\yuanweiyu\AppData\Local\Programs\Python\Python312\Lib\site-packages\playwright\_impl\_connection.py", line 69, in send
    return await self._connection.wrap_api_call(
           ^^^^^^^^^^^^^^^^^^^^^^^^^^^^^^^^^^^^^
  File "C:\Users\yuanweiyu\AppData\Local\Programs\Python\Python312\Lib\site-packages\playwright\_impl\_connection.py", line 559, in wrap_api_call
    raise rewrite_error(error, f"{parsed_st['apiName']}: {error}") from None
playwright._impl._errors.TimeoutError: Page.goto: Timeout 60000ms exceeded.
Call log:
  - navigating to "https://www.ezmoney.com.tw/ETF/Fund/Info?fundCode=49YTW", waiting until "networkidle"

======================================================================
  ETF 持股監控  |  2026/03/16 09:00
======================================================================

【復華未來50 (00991A)】
  資料來源: https://www.fhtrust.com.tw/ETF/etf_detail/ETF23#stockhold
  正在載入: https://www.fhtrust.com.tw/ETF/etf_detail/ETF23#stockhold

  ── 前10大持股 (2026-03-16) ──
   排名      代號  名稱                        股數                  金額        權重
  ----------------------------------------------------------------------
    1.   2330  台灣積體                 2730000          5091450000   18.722%
    2.   8299  群聯電子                 1250000          2250000000    8.274%
    3.   2383  台光電子                  800000          2164000000    7.957%
    4.   2408  南亞科技                 8000000          1904000000    7.001%
    5.   3037  欣興電子                 3200000          1625600000    5.978%
    6.   2308  台達電子                 1100000          1523500000    5.602%
    7.   7769  鴻勁精密                  325000          1283750000    4.721%
    8.   6223  旺矽科技                  275000           976250000    3.590%
    9.   5274  信驊科技                   90000           944550000    3.473%
   10.   2368  金像電子                  880000           822800000    3.026%

  ✓ 資料已儲存: fhtrust_00991A_2026-03-16.json

  ── 差異比較 ──
  ⚠ 與 2026-03-13 相比，發現以下變動：

  【新進入前10大】
    + 2368 金像電子  (排名: #10, 權重: 3.026%)

  【退出前10大】
    - 2345 智邦科技  (原排名: #10, 原權重: 3.041%)

  【排名/權重變動】
    2330 台灣積體         排名: #1 → #1 (→)  18.908% → 18.722%
    8299 群聯電子         排名: #2 → #2 (→)  8.313% → 8.274%
    2383 台光電子         排名: #3 → #3 (→)  7.642% → 7.957%
    2408 南亞科技         排名: #4 → #4 (→)  7.040% → 7.001%
    3037 欣興電子         排名: #5 → #5 (→)  5.644% → 5.978%
    2308 台達電子         排名: #6 → #6 (→)  5.537% → 5.602%
    7769 鴻勁精密         排名: #7 → #7 (→)  5.006% → 4.721%
    6223 旺矽科技         排名: #8 → #8 (→)  3.648% → 3.590%
    5274 信驊科技         排名: #9 → #9 (→)  3.470% → 3.473%

【統一台股增長 (00981A)】
  資料來源: https://www.ezmoney.com.tw/ETF/Fund/Info?fundCode=49YTW
  正在載入: https://www.ezmoney.com.tw/ETF/Fund/Info?fundCode=49YTW
  ✗ 錯誤: Page.goto: Timeout 60000ms exceeded.
Call log:
  - navigating to "https://www.ezmoney.com.tw/ETF/Fund/Info?fundCode=49YTW", waiting until "networkidle"


======================================================================
  完成  |  資料儲存於: C:\Users\yuanweiyu\etf-monitor\data
======================================================================
======================================================================
  ETF 持股監控  |  2026/03/17 09:00
======================================================================

【復華未來50 (00991A)】
  資料來源: https://www.fhtrust.com.tw/ETF/etf_detail/ETF23#stockhold
  正在載入: https://www.fhtrust.com.tw/ETF/etf_detail/ETF23#stockhold

  ── 前10大持股 (2026-03-17) ──
   排名      代號  名稱                        股數                  金額        權重
  ----------------------------------------------------------------------
    1.   2330  台灣積體                 2730000          5036850000   18.173%
    2.   8299  群聯電子                 1250000          2475000000    8.930%
    3.   2408  南亞科技                 8000000          2092000000    7.548%
    4.   2383  台光電子                  800000          2068000000    7.461%
    5.   3037  欣興電子                 3200000          1756800000    6.339%
    6.   2308  台達電子                 1100000          1496000000    5.398%
    7.   7769  鴻勁精密                  325000          1324375000    4.778%
    8.   6223  旺矽科技                  275000           980375000    3.537%
    9.   5274  信驊科技                   90000           926550000    3.343%
   10.   2368  金像電子                  880000           799920000    2.886%

  ✓ 資料已儲存: fhtrust_00991A_2026-03-17.json

  ── 差異比較 ──
  ⚠ 與 2026-03-16 相比，發現以下變動：

  【排名/權重變動】
    2330 台灣積體         排名: #1 → #1 (→)  18.722% → 18.173%
    8299 群聯電子         排名: #2 → #2 (→)  8.274% → 8.930%
    2408 南亞科技         排名: #4 → #3 (↑1)  7.001% → 7.548%
    2383 台光電子         排名: #3 → #4 (↓1)  7.957% → 7.461%
    3037 欣興電子         排名: #5 → #5 (→)  5.978% → 6.339%
    2308 台達電子         排名: #6 → #6 (→)  5.602% → 5.398%
    7769 鴻勁精密         排名: #7 → #7 (→)  4.721% → 4.778%
    6223 旺矽科技         排名: #8 → #8 (→)  3.590% → 3.537%
    5274 信驊科技         排名: #9 → #9 (→)  3.473% → 3.343%
    2368 金像電子         排名: #10 → #10 (→)  3.026% → 2.886%

【統一台股增長 (00981A)】
  資料來源: https://www.ezmoney.com.tw/ETF/Fund/Info?fundCode=49YTW
  正在載入: https://www.ezmoney.com.tw/ETF/Fund/Info?fundCode=49YTW

  ── 前10大持股 (2026-03-17) ──
   排名      代號  名稱                        股數        權重
  -------------------------------------------------------
    1.   2330  台積電                  3975000     8.79%
    2.   2383  台光電                  2427000     7.52%
    3.   2308  台達電                  4309000     7.02%
    4.   2368  金像電                  5600000      6.1%
    5.   6223  旺矽                   1366000     5.84%
    6.   3017  奇鋐                   2572000     5.64%
    7.   3653  健策                   1297000     5.27%
    8.   2345  智邦                   2952000     4.92%
    9.   3665  貿聯-KY                2243848     4.42%
   10.   3037  欣興                   5952000     3.92%

  ✓ 資料已儲存: ezmoney_49YTW_2026-03-17.json

  ── 差異比較 ──
  ⚠ 與 2026-03-13 相比，發現以下變動：

  【排名/權重變動】
    2330 台積電          排名: #1 → #1 (→)  9% → 8.79%
    2383 台光電          排名: #2 → #2 (→)  7.69% → 7.52%
    2308 台達電          排名: #3 → #3 (→)  7.21% → 7.02%
    2368 金像電          排名: #4 → #4 (→)  6.23% → 6.1%
    6223 旺矽           排名: #5 → #5 (→)  5.96% → 5.84%
    3017 奇鋐           排名: #6 → #6 (→)  5.87% → 5.64%
    3653 健策           排名: #8 → #7 (↑1)  5.26% → 5.27%
    2345 智邦           排名: #7 → #8 (↓1)  5.34% → 4.92%
    3665 貿聯-KY        排名: #9 → #9 (→)  4.46% → 4.42%
    3037 欣興           排名: #10 → #10 (→)  3.5% → 3.92%

======================================================================
  完成  |  資料儲存於: C:\Users\yuanweiyu\etf-monitor\data
======================================================================
======================================================================
  ETF 持股監控  |  2026/03/18 09:00
======================================================================

【復華未來50 (00991A)】
  資料來源: https://www.fhtrust.com.tw/ETF/etf_detail/ETF23#stockhold
  正在載入: https://www.fhtrust.com.tw/ETF/etf_detail/ETF23#stockhold

  ── 前10大持股 (2026-03-18) ──
   排名      代號  名稱                        股數                  金額        權重
  ----------------------------------------------------------------------
    1.   2330  台灣積體                 2730000          5105100000   18.071%
    2.   8299  群聯電子                 1250000          2431250000    8.606%
    3.   2408  南亞科技                 8000000          2172000000    7.689%
    4.   2383  台光電子                  800000          2160000000    7.646%
    5.   3037  欣興電子                 3200000          1737600000    6.151%
    6.   2308  台達電子                 1100000          1584000000    5.607%
    7.   7769  鴻勁精密                  325000          1374750000    4.866%
    8.   5274  信驊科技                   90000          1018800000    3.606%
    9.   6223  旺矽科技                  275000           984500000    3.485%
   10.   3017  奇鋐科技                  430000           819150000    2.900%

  ✓ 資料已儲存: fhtrust_00991A_2026-03-18.json

  ── 差異比較 ──
  ⚠ 與 2026-03-17 相比，發現以下變動：

  【新進入前10大】
    + 3017 奇鋐科技  (排名: #10, 權重: 2.900%)

  【退出前10大】
    - 2368 金像電子  (原排名: #10, 原權重: 2.886%)

  【排名/權重變動】
    2330 台灣積體         排名: #1 → #1 (→)  18.173% → 18.071%
    8299 群聯電子         排名: #2 → #2 (→)  8.930% → 8.606%
    2408 南亞科技         排名: #3 → #3 (→)  7.548% → 7.689%
    2383 台光電子         排名: #4 → #4 (→)  7.461% → 7.646%
    3037 欣興電子         排名: #5 → #5 (→)  6.339% → 6.151%
    2308 台達電子         排名: #6 → #6 (→)  5.398% → 5.607%
    7769 鴻勁精密         排名: #7 → #7 (→)  4.778% → 4.866%
    5274 信驊科技         排名: #9 → #8 (↑1)  3.343% → 3.606%
    6223 旺矽科技         排名: #8 → #9 (↓1)  3.537% → 3.485%

【統一台股增長 (00981A)】
  資料來源: https://www.ezmoney.com.tw/ETF/Fund/Info?fundCode=49YTW
  正在載入: https://www.ezmoney.com.tw/ETF/Fund/Info?fundCode=49YTW

  ── 前10大持股 (2026-03-18) ──
   排名      代號  名稱                        股數        權重
  -------------------------------------------------------
    1.   2330  台積電                  4265000     9.44%
    2.   2383  台光電                  2427000     7.75%
    3.   2308  台達電                  4309000     7.34%
    4.   2368  金像電                  5600000     6.08%
    5.   3017  奇鋐                   2572000      5.8%
    6.   6223  旺矽                   1366000     5.79%
    7.   3653  健策                   1297000     5.72%
    8.   2345  智邦                   3034000     5.22%
    9.   3665  貿聯-KY                2243848     4.62%
   10.   3037  欣興                   6505000     4.18%

  ✓ 資料已儲存: ezmoney_49YTW_2026-03-18.json

  ── 差異比較 ──
  ⚠ 與 2026-03-17 相比，發現以下變動：

  【排名/權重變動】
    2330 台積電          排名: #1 → #1 (→)  8.79% → 9.44%
    2383 台光電          排名: #2 → #2 (→)  7.52% → 7.75%
    2308 台達電          排名: #3 → #3 (→)  7.02% → 7.34%
    2368 金像電          排名: #4 → #4 (→)  6.1% → 6.08%
    3017 奇鋐           排名: #6 → #5 (↑1)  5.64% → 5.8%
    6223 旺矽           排名: #5 → #6 (↓1)  5.84% → 5.79%
    3653 健策           排名: #7 → #7 (→)  5.27% → 5.72%
    2345 智邦           排名: #8 → #8 (→)  4.92% → 5.22%
    3665 貿聯-KY        排名: #9 → #9 (→)  4.42% → 4.62%
    3037 欣興           排名: #10 → #10 (→)  3.92% → 4.18%

======================================================================
  完成  |  資料儲存於: C:\Users\yuanweiyu\etf-monitor\data
======================================================================
======================================================================
  ETF 持股監控  |  2026/03/19 09:00
======================================================================

【復華未來50 (00991A)】
  資料來源: https://www.fhtrust.com.tw/ETF/etf_detail/ETF23#stockhold
  正在載入: https://www.fhtrust.com.tw/ETF/etf_detail/ETF23#stockhold

  ── 前10大持股 (2026-03-19) ──
   排名      代號  名稱                        股數                  金額        權重
  ----------------------------------------------------------------------
    1.   2330  台灣積體                 2730000          5200650000   17.777%
    2.   8299  群聯電子                 1250000          2468750000    8.439%
    3.   2408  南亞科技                 8300000          2290800000    7.830%
    4.   2383  台光電子                  800000          2160000000    7.383%
    5.   3037  欣興電子                 3200000          1856000000    6.344%
    6.   2308  台達電子                 1100000          1611500000    5.508%
    7.   7769  鴻勁精密                  325000          1423500000    4.866%
    8.   5274  信驊科技                   90000          1111050000    3.798%
    9.   6223  旺矽科技                  275000          1027125000    3.511%
   10.   2345  智邦科技                  550000           880000000    3.008%

  ✓ 資料已儲存: fhtrust_00991A_2026-03-19.json

  ── 差異比較 ──
  ⚠ 與 2026-03-18 相比，發現以下變動：

  【新進入前10大】
    + 2345 智邦科技  (排名: #10, 權重: 3.008%)

  【退出前10大】
    - 3017 奇鋐科技  (原排名: #10, 原權重: 2.900%)

  【排名/權重變動】
    2330 台灣積體         排名: #1 → #1 (→)  18.071% → 17.777%
    8299 群聯電子         排名: #2 → #2 (→)  8.606% → 8.439%
    2408 南亞科技         排名: #3 → #3 (→)  7.689% → 7.830%
    2383 台光電子         排名: #4 → #4 (→)  7.646% → 7.383%
    3037 欣興電子         排名: #5 → #5 (→)  6.151% → 6.344%
    2308 台達電子         排名: #6 → #6 (→)  5.607% → 5.508%
    5274 信驊科技         排名: #8 → #8 (→)  3.606% → 3.798%
    6223 旺矽科技         排名: #9 → #9 (→)  3.485% → 3.511%

【統一台股增長 (00981A)】
  資料來源: https://www.ezmoney.com.tw/ETF/Fund/Info?fundCode=49YTW
  正在載入: https://www.ezmoney.com.tw/ETF/Fund/Info?fundCode=49YTW

  ── 前10大持股 (2026-03-19) ──
   排名      代號  名稱                        股數        權重
  -------------------------------------------------------
    1.   2330  台積電                  4271000     9.17%
    2.   2383  台光電                  2427000     7.38%
    3.   2308  台達電                  4309000     7.11%
    4.   3653  健策                   1297000     5.82%
    5.   2368  金像電                  5600000     5.79%
    6.   6223  旺矽                   1366000     5.75%
    7.   2345  智邦                   3034000     5.47%
    8.   3017  奇鋐                   2572000     5.36%
    9.   3037  欣興                   7410000     4.84%
   10.   3665  貿聯-KY                2243848     4.27%

  ✓ 資料已儲存: ezmoney_49YTW_2026-03-19.json

  ── 差異比較 ──
  ⚠ 與 2026-03-18 相比，發現以下變動：

  【排名/權重變動】
    2330 台積電          排名: #1 → #1 (→)  9.44% → 9.17%
    2383 台光電          排名: #2 → #2 (→)  7.75% → 7.38%
    2308 台達電          排名: #3 → #3 (→)  7.34% → 7.11%
    3653 健策           排名: #7 → #4 (↑3)  5.72% → 5.82%
    2368 金像電          排名: #4 → #5 (↓1)  6.08% → 5.79%
    6223 旺矽           排名: #6 → #6 (→)  5.79% → 5.75%
    2345 智邦           排名: #8 → #7 (↑1)  5.22% → 5.47%
    3017 奇鋐           排名: #5 → #8 (↓3)  5.8% → 5.36%
    3037 欣興           排名: #10 → #9 (↑1)  4.18% → 4.84%
    3665 貿聯-KY        排名: #9 → #10 (↓1)  4.62% → 4.27%

======================================================================
  完成  |  資料儲存於: C:\Users\yuanweiyu\etf-monitor\data
======================================================================
